-------------------------------------------------------------------------------
Test set: org.example.AppTest
-------------------------------------------------------------------------------
Tests run: 5, Failures: 5, Errors: 0, Skipped: 0, Time elapsed: 0.101 s <<< FAILURE! - in org.example.AppTest
org.example.AppTest.testPrintDigits4()  Time elapsed: 0.078 s  <<< FAILURE!
org.opentest4j.AssertionFailedError: 

Expecting actual:
  ""
to be equal to:
  "1
2
Foo
4
Bar
Foo
7
8
Foo
Bar
11
Foo
13
14
FooBar
16
17
Foo
19
Bar
Foo
22
23
Foo
Bar
26
Foo
28
29
FooBar
"
when ignoring whitespace differences
	at org.example.AppTest.testPrintDigits4(AppTest.java:49)

org.example.AppTest.testPrintDigits2()  Time elapsed: 0 s  <<< FAILURE!
org.opentest4j.AssertionFailedError: 

Expecting actual:
  ""
to be equal to:
  "1
2
Foo
4
Bar
Foo
7
8
Foo
Bar
11
Foo
13
14
FooBar
16
17
Foo
19
Bar
Foo
22
23
Foo
Bar
26
Foo
28
29
FooBar
"
when ignoring whitespace differences
	at org.example.AppTest.testPrintDigits2(AppTest.java:37)

org.example.AppTest.testPrintDigits()  Time elapsed: 0 s  <<< FAILURE!
org.opentest4j.AssertionFailedError: 

Expecting actual:
  ""
to be equal to:
  "1
2
Foo
4
Bar
Foo
7
8
Foo
Bar
11
Foo
13
14
FooBar
16
17
Foo
19
Bar
Foo
22
23
Foo
Bar
26
Foo
28
29
FooBar
"
when ignoring whitespace differences
	at org.example.AppTest.testPrintDigits(AppTest.java:25)

org.example.AppTest.testPrintDigits3()  Time elapsed: 0 s  <<< FAILURE!
org.opentest4j.AssertionFailedError: 

Expecting actual:
  ""
to be equal to:
  "1
2
Foo
4
Bar
Foo
7
8
Foo
Bar
11
Foo
13
14
FooBar
16
17
Foo
19
Bar
Foo
22
23
Foo
Bar
26
Foo
28
29
FooBar
"
when ignoring whitespace differences
	at org.example.AppTest.testPrintDigits3(AppTest.java:43)

org.example.AppTest.testPrintDigits1()  Time elapsed: 0.016 s  <<< FAILURE!
org.opentest4j.AssertionFailedError: 

Expecting actual:
  ""
to be equal to:
  "1
2
Foo
4
Bar
Foo
7
8
Foo
Bar
11
Foo
13
14
FooBar
16
17
Foo
19
Bar
Foo
22
23
Foo
Bar
26
Foo
28
29
FooBar
"
when ignoring whitespace differences
	at org.example.AppTest.testPrintDigits1(AppTest.java:31)

