<?xml version="1.0" encoding="UTF-8"?>
<testsuite xmlns:xsi="http://www.w3.org/2001/XMLSchema-instance" xsi:noNamespaceSchemaLocation="https://maven.apache.org/surefire/maven-surefire-plugin/xsd/surefire-test-report.xsd" name="org.example.AppTest" time="0.101" tests="5" errors="0" skipped="0" failures="5">
  <properties>
[...]
</properties>
  <testcase name="org.example.AppTest.testPrintDigits4" classname="org.example.AppTest" time="0.078">
    <failure message="&#10;Expecting actual:&#10;  &quot;&quot;&#10;to be equal to:&#10;  &quot;1&#10;2&#10;Foo&#10;4&#10;Bar&#10;Foo&#10;7&#10;8&#10;Foo&#10;Bar&#10;11&#10;Foo&#10;13&#10;14&#10;FooBar&#10;16&#10;17&#10;Foo&#10;19&#10;Bar&#10;Foo&#10;22&#10;23&#10;Foo&#10;Bar&#10;26&#10;Foo&#10;28&#10;29&#10;FooBar&#10;&quot;&#10;when ignoring whitespace differences" type="org.opentest4j.AssertionFailedError">org.opentest4j.AssertionFailedError: 

Expecting actual:
  ""
to be equal to:
  "1
2
Foo
4
Bar
Foo
7
8
Foo
Bar
11
Foo
13
14
FooBar
16
17
Foo
19
Bar
Foo
22
23
Foo
Bar
26
Foo
28
29
FooBar
"
when ignoring whitespace differences
	at org.example.AppTest.testPrintDigits4(AppTest.java:49)
</failure>
    <system-out><![CDATA[1
2
Foo
4
Bar
Foo
7
8
Foo
Bar
11
Foo
13
14
FooBar
16
17
Foo
19
Bar
Foo
22
23
Foo
Bar
26
Foo
28
29
FooBar
]]></system-out>
  </testcase>
  <testcase name="org.example.AppTest.testPrintDigits2" classname="org.example.AppTest" time="0">
    <failure message="&#10;Expecting actual:&#10;  &quot;&quot;&#10;to be equal to:&#10;  &quot;1&#10;2&#10;Foo&#10;4&#10;Bar&#10;Foo&#10;7&#10;8&#10;Foo&#10;Bar&#10;11&#10;Foo&#10;13&#10;14&#10;FooBar&#10;16&#10;17&#10;Foo&#10;19&#10;Bar&#10;Foo&#10;22&#10;23&#10;Foo&#10;Bar&#10;26&#10;Foo&#10;28&#10;29&#10;FooBar&#10;&quot;&#10;when ignoring whitespace differences" type="org.opentest4j.AssertionFailedError">org.opentest4j.AssertionFailedError: 

Expecting actual:
  ""
to be equal to:
  "1
2
Foo
4
Bar
Foo
7
8
Foo
Bar
11
Foo
13
14
FooBar
16
17
Foo
19
Bar
Foo
22
23
Foo
Bar
26
Foo
28
29
FooBar
"
when ignoring whitespace differences
	at org.example.AppTest.testPrintDigits2(AppTest.java:37)
</failure>
    <system-out><![CDATA[1
2
Foo
4
Bar
Foo
7
8
Foo
Bar
11
Foo
13
14
FooBar
16
17
Foo
19
Bar
Foo
22
23
Foo
Bar
26
Foo
28
29
FooBar
]]></system-out>
  </testcase>
  <testcase name="org.example.AppTest.testPrintDigits" classname="org.example.AppTest" time="0">
    <failure message="&#10;Expecting actual:&#10;  &quot;&quot;&#10;to be equal to:&#10;  &quot;1&#10;2&#10;Foo&#10;4&#10;Bar&#10;Foo&#10;7&#10;8&#10;Foo&#10;Bar&#10;11&#10;Foo&#10;13&#10;14&#10;FooBar&#10;16&#10;17&#10;Foo&#10;19&#10;Bar&#10;Foo&#10;22&#10;23&#10;Foo&#10;Bar&#10;26&#10;Foo&#10;28&#10;29&#10;FooBar&#10;&quot;&#10;when ignoring whitespace differences" type="org.opentest4j.AssertionFailedError">org.opentest4j.AssertionFailedError: 

Expecting actual:
  ""
to be equal to:
  "1
2
Foo
4
Bar
Foo
7
8
Foo
Bar
11
Foo
13
14
FooBar
16
17
Foo
19
Bar
Foo
22
23
Foo
Bar
26
Foo
28
29
FooBar
"
when ignoring whitespace differences
	at org.example.AppTest.testPrintDigits(AppTest.java:25)
</failure>
    <system-out><![CDATA[1
2
Foo
4
Bar
Foo
7
8
Foo
Bar
11
Foo
13
14
FooBar
16
17
Foo
19
Bar
Foo
22
23
Foo
Bar
26
Foo
28
29
FooBar
]]></system-out>
  </testcase>
  <testcase name="org.example.AppTest.testPrintDigits3" classname="org.example.AppTest" time="0">
    <failure message="&#10;Expecting actual:&#10;  &quot;&quot;&#10;to be equal to:&#10;  &quot;1&#10;2&#10;Foo&#10;4&#10;Bar&#10;Foo&#10;7&#10;8&#10;Foo&#10;Bar&#10;11&#10;Foo&#10;13&#10;14&#10;FooBar&#10;16&#10;17&#10;Foo&#10;19&#10;Bar&#10;Foo&#10;22&#10;23&#10;Foo&#10;Bar&#10;26&#10;Foo&#10;28&#10;29&#10;FooBar&#10;&quot;&#10;when ignoring whitespace differences" type="org.opentest4j.AssertionFailedError">org.opentest4j.AssertionFailedError: 

Expecting actual:
  ""
to be equal to:
  "1
2
Foo
4
Bar
Foo
7
8
Foo
Bar
11
Foo
13
14
FooBar
16
17
Foo
19
Bar
Foo
22
23
Foo
Bar
26
Foo
28
29
FooBar
"
when ignoring whitespace differences
	at org.example.AppTest.testPrintDigits3(AppTest.java:43)
</failure>
    <system-out><![CDATA[1
2
Foo
4
Bar
Foo
7
8
Foo
Bar
11
Foo
13
14
FooBar
16
17
Foo
19
Bar
Foo
22
23
Foo
Bar
26
Foo
28
29
FooBar
]]></system-out>
  </testcase>
  <testcase name="org.example.AppTest.testPrintDigits1" classname="org.example.AppTest" time="0.016">
    <failure message="&#10;Expecting actual:&#10;  &quot;&quot;&#10;to be equal to:&#10;  &quot;1&#10;2&#10;Foo&#10;4&#10;Bar&#10;Foo&#10;7&#10;8&#10;Foo&#10;Bar&#10;11&#10;Foo&#10;13&#10;14&#10;FooBar&#10;16&#10;17&#10;Foo&#10;19&#10;Bar&#10;Foo&#10;22&#10;23&#10;Foo&#10;Bar&#10;26&#10;Foo&#10;28&#10;29&#10;FooBar&#10;&quot;&#10;when ignoring whitespace differences" type="org.opentest4j.AssertionFailedError">org.opentest4j.AssertionFailedError: 

Expecting actual:
  ""
to be equal to:
  "1
2
Foo
4
Bar
Foo
7
8
Foo
Bar
11
Foo
13
14
FooBar
16
17
Foo
19
Bar
Foo
22
23
Foo
Bar
26
Foo
28
29
FooBar
"
when ignoring whitespace differences
	at org.example.AppTest.testPrintDigits1(AppTest.java:31)
</failure>
    <system-out><![CDATA[1
2
Foo
4
Bar
Foo
7
8
Foo
Bar
11
Foo
13
14
FooBar
16
17
Foo
19
Bar
Foo
22
23
Foo
Bar
26
Foo
28
29
FooBar
]]></system-out>
  </testcase>
</testsuite>